[uea8mega.info/index.html]
[backblue.gif]
[fade.gif]
[index.html]
[uea8mega.info/css/style.css]
[cdn.jsdelivr.net/npm/bootstrap@5.3.2/dist/css/bootstrap.min.css]
[connect.facebook.net/en_US/fbevents.js]
[uea8mega.info/image/bg.jpg]
[uea8mega.info/assets/load.html]
[uea8mega.info/image/btn.png]
[code.jquery.com/jquery-3.6.4.min.js]
[uea8mega.info/js/script.js]
[uea8mega.info/index.html]
[uea8mega.info/css/style.css]
[cdn.jsdelivr.net/npm/bootstrap@5.3.2/dist/css/bootstrap.min.css]
[connect.facebook.net/en_US/fbevents.js]
[uea8mega.info/assets/load.html]
[uea8mega.info/a.html]
[uea8mega.info/POST.html]
[uea8mega.info/schema.org/index.html]
[uea8mega.info/b.html]
[uea8mega.info/signals/iwl.html]
[uea8mega.info/c.html]
[uea8mega.info/c-2.html]
